2022-03-25 18:51:09.115  INFO 11112 --- [restartedMain] c.c.c.ConfigServicePropertySourceLocator : Fetching config from server at : http://localhost:8022
2022-03-25 18:51:09.138  INFO 11112 --- [restartedMain] c.c.c.ConfigServicePropertySourceLocator : Connect Timeout Exception on Url - http://localhost:8022. Will be trying the next url if available
2022-03-25 18:51:09.138  WARN 11112 --- [restartedMain] c.c.c.ConfigServicePropertySourceLocator : Could not locate PropertySource: I/O error on GET request for "http://localhost:8022/user-ws/default": Connection refused: no further information; nested exception is java.net.ConnectException: Connection refused: no further information
2022-03-25 18:51:09.140  INFO 11112 --- [restartedMain] c.c.u.UserManagementApplication          : No active profile set, falling back to default profiles: default
2022-03-25 18:51:09.147  INFO 11112 --- [restartedMain] o.s.b.context.config.ConfigDataLoader    : Fetching config from server at : http://localhost:8222
2022-03-25 18:51:09.148  INFO 11112 --- [restartedMain] o.s.b.context.config.ConfigDataLoader    : Connect Timeout Exception on Url - http://localhost:8222. Will be trying the next url if available
2022-03-25 18:51:09.148  WARN 11112 --- [restartedMain] o.s.b.context.config.ConfigDataLoader    : Could not locate PropertySource ([ConfigServerConfigDataResource@3f8491d0 uris = array<String>['http://localhost:8222'], optional = true, profiles = list['default']]): I/O error on GET request for "http://localhost:8222/user-ws/default": Connection refused: no further information; nested exception is java.net.ConnectException: Connection refused: no further information
2022-03-25 18:51:13.205  INFO 11112 --- [restartedMain] .s.d.r.c.RepositoryConfigurationDelegate : Bootstrapping Spring Data JPA repositories in DEFAULT mode.
2022-03-25 18:51:13.319  INFO 11112 --- [restartedMain] .s.d.r.c.RepositoryConfigurationDelegate : Finished Spring Data repository scanning in 111 ms. Found 1 JPA repository interfaces.
2022-03-25 18:51:15.266  INFO 11112 --- [restartedMain] faultConfiguringBeanFactoryPostProcessor : No bean named 'errorChannel' has been explicitly defined. Therefore, a default PublishSubscribeChannel will be created.
2022-03-25 18:51:15.267  INFO 11112 --- [restartedMain] faultConfiguringBeanFactoryPostProcessor : No bean named 'integrationHeaderChannelRegistry' has been explicitly defined. Therefore, a default DefaultHeaderChannelRegistry will be created.
2022-03-25 18:51:15.403  INFO 11112 --- [restartedMain] o.s.cloud.context.scope.GenericScope     : BeanFactory id=e338ecf9-e8e1-3921-8425-8497cceaf275
2022-03-25 18:51:16.502  INFO 11112 --- [restartedMain] trationDelegate$BeanPostProcessorChecker : Bean 'org.springframework.cloud.stream.config.BindersHealthIndicatorAutoConfiguration' of type [org.springframework.cloud.stream.config.BindersHealthIndicatorAutoConfiguration] is not eligible for getting processed by all BeanPostProcessors (for example: not eligible for auto-proxying)
2022-03-25 18:51:16.540  INFO 11112 --- [restartedMain] trationDelegate$BeanPostProcessorChecker : Bean 'bindersHealthContributor' of type [org.springframework.cloud.stream.config.BindersHealthIndicatorAutoConfiguration$BindersHealthContributor] is not eligible for getting processed by all BeanPostProcessors (for example: not eligible for auto-proxying)
2022-03-25 18:51:16.714  INFO 11112 --- [restartedMain] trationDelegate$BeanPostProcessorChecker : Bean 'bindersHealthIndicatorListener' of type [org.springframework.cloud.stream.config.BindersHealthIndicatorAutoConfiguration$BindersHealthIndicatorListener] is not eligible for getting processed by all BeanPostProcessors (for example: not eligible for auto-proxying)
2022-03-25 18:51:16.897  INFO 11112 --- [restartedMain] trationDelegate$BeanPostProcessorChecker : Bean 'org.springframework.integration.config.IntegrationManagementConfiguration' of type [org.springframework.integration.config.IntegrationManagementConfiguration] is not eligible for getting processed by all BeanPostProcessors (for example: not eligible for auto-proxying)
2022-03-25 18:51:16.997  INFO 11112 --- [restartedMain] trationDelegate$BeanPostProcessorChecker : Bean 'org.springframework.boot.autoconfigure.integration.IntegrationAutoConfiguration$IntegrationJmxConfiguration' of type [org.springframework.boot.autoconfigure.integration.IntegrationAutoConfiguration$IntegrationJmxConfiguration] is not eligible for getting processed by all BeanPostProcessors (for example: not eligible for auto-proxying)
2022-03-25 18:51:17.081  INFO 11112 --- [restartedMain] trationDelegate$BeanPostProcessorChecker : Bean 'org.springframework.boot.autoconfigure.jmx.JmxAutoConfiguration' of type [org.springframework.boot.autoconfigure.jmx.JmxAutoConfiguration] is not eligible for getting processed by all BeanPostProcessors (for example: not eligible for auto-proxying)
2022-03-25 18:51:17.109  INFO 11112 --- [restartedMain] trationDelegate$BeanPostProcessorChecker : Bean 'mbeanServer' of type [com.sun.jmx.mbeanserver.JmxMBeanServer] is not eligible for getting processed by all BeanPostProcessors (for example: not eligible for auto-proxying)
2022-03-25 18:51:17.882  INFO 11112 --- [restartedMain] trationDelegate$BeanPostProcessorChecker : Bean 'integrationChannelResolver' of type [org.springframework.integration.support.channel.BeanFactoryChannelResolver] is not eligible for getting processed by all BeanPostProcessors (for example: not eligible for auto-proxying)
2022-03-25 18:51:20.597  INFO 11112 --- [restartedMain] o.s.b.w.embedded.tomcat.TomcatWebServer  : Tomcat initialized with port(s): 0 (http)
2022-03-25 18:51:20.602  INFO 11112 --- [restartedMain] o.apache.catalina.core.StandardService   : Starting service [Tomcat]
2022-03-25 18:51:20.604  INFO 11112 --- [restartedMain] org.apache.catalina.core.StandardEngine  : Starting Servlet engine: [Apache Tomcat/9.0.56]
2022-03-25 18:51:20.894  INFO 11112 --- [restartedMain] o.a.c.c.C.[Tomcat].[localhost].[/]       : Initializing Spring embedded WebApplicationContext
2022-03-25 18:51:20.894  INFO 11112 --- [restartedMain] w.s.c.ServletWebServerApplicationContext : Root WebApplicationContext: initialization completed in 11746 ms
2022-03-25 18:51:22.456  INFO 11112 --- [restartedMain] com.zaxxer.hikari.HikariDataSource       : HikariPool-4 - Starting...
2022-03-25 18:51:22.477  INFO 11112 --- [restartedMain] com.zaxxer.hikari.HikariDataSource       : HikariPool-4 - Start completed.
2022-03-25 18:51:22.525  INFO 11112 --- [restartedMain] o.hibernate.jpa.internal.util.LogHelper  : HHH000204: Processing PersistenceUnitInfo [name: default]
2022-03-25 18:51:22.572  INFO 11112 --- [restartedMain] org.hibernate.dialect.Dialect            : HHH000400: Using dialect: org.hibernate.dialect.MySQL8Dialect
2022-03-25 18:51:22.777  INFO 11112 --- [restartedMain] o.h.e.t.j.p.i.JtaPlatformInitiator       : HHH000490: Using JtaPlatform implementation: [org.hibernate.engine.transaction.jta.platform.internal.NoJtaPlatform]
2022-03-25 18:51:22.779  INFO 11112 --- [restartedMain] j.LocalContainerEntityManagerFactoryBean : Initialized JPA EntityManagerFactory for persistence unit 'default'
2022-03-25 18:51:24.364  WARN 11112 --- [restartedMain] JpaBaseConfiguration$JpaWebConfiguration : spring.jpa.open-in-view is enabled by default. Therefore, database queries may be performed during view rendering. Explicitly configure spring.jpa.open-in-view to disable this warning
2022-03-25 18:51:25.742  WARN 11112 --- [restartedMain] o.s.b.d.a.OptionalLiveReloadServer       : Unable to start LiveReload server
2022-03-25 18:51:25.922  INFO 11112 --- [restartedMain] o.s.c.openfeign.FeignClientFactoryBean   : For 'role-ws' URL not provided. Will try picking an instance via load-balancing.
2022-03-25 18:51:39.196  INFO 11112 --- [restartedMain] o.s.c.s.m.DirectWithAttributesChannel    : Channel 'application-1.springCloudBusInput' has 1 subscriber(s).
2022-03-25 18:51:43.570  INFO 11112 --- [restartedMain] DiscoveryClientOptionalArgsConfiguration : Eureka HTTP Client uses RestTemplate.
2022-03-25 18:51:44.608  WARN 11112 --- [restartedMain] iguration$LoadBalancerCaffeineWarnLogger : Spring Cloud LoadBalancer is currently working with the default cache. You can switch to using Caffeine cache, by adding it and org.springframework.cache.caffeine.CaffeineCacheManager to the classpath.
2022-03-25 18:51:44.728  INFO 11112 --- [restartedMain] o.s.b.a.e.web.EndpointLinksResolver      : Exposing 1 endpoint(s) beneath base path '/actuator'
2022-03-25 18:51:46.139  INFO 11112 --- [restartedMain] o.s.i.monitor.IntegrationMBeanExporter   : Registering MessageChannel errorChannel
2022-03-25 18:51:46.174  INFO 11112 --- [restartedMain] o.s.i.monitor.IntegrationMBeanExporter   : Registering MessageChannel springCloudBusInput
2022-03-25 18:51:46.197  INFO 11112 --- [restartedMain] o.s.i.monitor.IntegrationMBeanExporter   : Registering MessageChannel nullChannel
2022-03-25 18:51:46.300  INFO 11112 --- [restartedMain] o.s.i.monitor.IntegrationMBeanExporter   : Registering MessageHandler _org.springframework.integration.errorLogger
2022-03-25 18:51:46.494  INFO 11112 --- [restartedMain] o.s.i.endpoint.EventDrivenConsumer       : Adding {logging-channel-adapter:_org.springframework.integration.errorLogger} as a subscriber to the 'errorChannel' channel
2022-03-25 18:51:46.495  INFO 11112 --- [restartedMain] o.s.i.channel.PublishSubscribeChannel    : Channel 'application-1.errorChannel' has 1 subscriber(s).
2022-03-25 18:51:46.495  INFO 11112 --- [restartedMain] o.s.i.endpoint.EventDrivenConsumer       : started bean '_org.springframework.integration.errorLogger'
2022-03-25 18:51:46.549  INFO 11112 --- [restartedMain] o.s.c.s.binder.DefaultBinderFactory      : Creating binder: rabbit
2022-03-25 18:51:46.769  INFO 11112 --- [restartedMain] o.s.c.s.binder.DefaultBinderFactory      : Caching the binder: rabbit
2022-03-25 18:51:46.769  INFO 11112 --- [restartedMain] o.s.c.s.binder.DefaultBinderFactory      : Retrieving cached binder: rabbit
2022-03-25 18:51:47.233  INFO 11112 --- [restartedMain] c.s.b.r.p.RabbitExchangeQueueProvisioner : declaring queue for inbound: springCloudBus.anonymous.EF9WJfmFTCyK2fhE6d6uag, bound to: springCloudBus
2022-03-25 18:51:47.240  INFO 11112 --- [restartedMain] o.s.a.r.c.CachingConnectionFactory       : Attempting to connect to: [localhost:5672]
2022-03-25 18:51:47.379  INFO 11112 --- [restartedMain] o.s.a.r.c.CachingConnectionFactory       : Created new connection: rabbitConnectionFactory#497dc51b:0/SimpleConnection@553bb881 [delegate=amqp://guest@127.0.0.1:5672/, localPort= 50287]
2022-03-25 18:51:47.468  INFO 11112 --- [restartedMain] o.s.c.stream.binder.BinderErrorChannel   : Channel 'springCloudBus.anonymous.EF9WJfmFTCyK2fhE6d6uag.errors' has 1 subscriber(s).
2022-03-25 18:51:47.468  INFO 11112 --- [restartedMain] o.s.c.stream.binder.BinderErrorChannel   : Channel 'springCloudBus.anonymous.EF9WJfmFTCyK2fhE6d6uag.errors' has 2 subscriber(s).
2022-03-25 18:51:47.479  INFO 11112 --- [restartedMain] o.s.i.a.i.AmqpInboundChannelAdapter      : started bean 'inbound.springCloudBus.anonymous.EF9WJfmFTCyK2fhE6d6uag'
2022-03-25 18:51:47.487  INFO 11112 --- [restartedMain] o.s.b.w.embedded.tomcat.TomcatWebServer  : Tomcat started on port(s): 50288 (http) with context path ''
2022-03-25 18:51:47.489  INFO 11112 --- [restartedMain] .s.c.n.e.s.EurekaAutoServiceRegistration : Updating port to 50288
2022-03-25 18:51:47.495  INFO 11112 --- [restartedMain] o.s.c.n.eureka.InstanceInfoFactory       : Setting initial instance status as: STARTING
2022-03-25 18:51:47.647  INFO 11112 --- [restartedMain] com.netflix.discovery.DiscoveryClient    : Initializing Eureka in region us-east-1
2022-03-25 18:51:47.648  INFO 11112 --- [restartedMain] c.n.d.s.r.aws.ConfigClusterResolver      : Resolving eureka endpoints via configuration
2022-03-25 18:51:47.754  INFO 11112 --- [restartedMain] com.netflix.discovery.DiscoveryClient    : Disable delta property : false
2022-03-25 18:51:47.755  INFO 11112 --- [restartedMain] com.netflix.discovery.DiscoveryClient    : Single vip registry refresh property : null
2022-03-25 18:51:47.755  INFO 11112 --- [restartedMain] com.netflix.discovery.DiscoveryClient    : Force full registry fetch : false
2022-03-25 18:51:47.756  INFO 11112 --- [restartedMain] com.netflix.discovery.DiscoveryClient    : Application is null : false
2022-03-25 18:51:47.756  INFO 11112 --- [restartedMain] com.netflix.discovery.DiscoveryClient    : Registered Applications size is zero : true
2022-03-25 18:51:47.757  INFO 11112 --- [restartedMain] com.netflix.discovery.DiscoveryClient    : Application version is -1: true
2022-03-25 18:51:47.758  INFO 11112 --- [restartedMain] com.netflix.discovery.DiscoveryClient    : Getting all instance registry info from the eureka server
2022-03-25 18:51:47.941  INFO 11112 --- [restartedMain] com.netflix.discovery.DiscoveryClient    : The response status is 200
2022-03-25 18:51:47.960  INFO 11112 --- [restartedMain] com.netflix.discovery.DiscoveryClient    : Starting heartbeat executor: renew interval is: 30
2022-03-25 18:51:47.978  INFO 11112 --- [restartedMain] c.n.discovery.InstanceInfoReplicator     : InstanceInfoReplicator onDemand update allowed rate per min is 4
2022-03-25 18:51:48.046  INFO 11112 --- [restartedMain] com.netflix.discovery.DiscoveryClient    : Discovery Client initialized at timestamp 1648214508046 with initial instances count: 1
2022-03-25 18:51:48.181  INFO 11112 --- [restartedMain] o.s.c.n.e.s.EurekaServiceRegistry        : Registering application USER-WS with eureka with status UP
2022-03-25 18:51:48.254  INFO 11112 --- [restartedMain] com.netflix.discovery.DiscoveryClient    : Saw local status change event StatusChangeEvent [timestamp=1648214508254, current=UP, previous=STARTING]
2022-03-25 18:51:48.255  INFO 11112 --- [DiscoveryClient-InstanceInfoReplicator-0] com.netflix.discovery.DiscoveryClient    : DiscoveryClient_USER-WS/user-ws:b5550faf19cd1cb30f5308330a995490: registering service...
2022-03-25 18:51:48.295  INFO 11112 --- [DiscoveryClient-InstanceInfoReplicator-0] com.netflix.discovery.DiscoveryClient    : DiscoveryClient_USER-WS/user-ws:b5550faf19cd1cb30f5308330a995490 - registration status: 204
2022-03-25 18:51:48.992  INFO 11112 --- [restartedMain] o.s.i.monitor.IntegrationMBeanExporter   : Registering MessageChannel springCloudBus.anonymous.EF9WJfmFTCyK2fhE6d6uag.errors
2022-03-25 18:51:49.039  INFO 11112 --- [restartedMain] c.c.u.UserManagementApplication          : Started UserManagementApplication in 40.903 seconds (JVM running for 83827.944)
2022-03-25 18:51:49.079  INFO 11112 --- [restartedMain] .ConditionEvaluationDeltaLoggingListener : Condition evaluation delta:


==========================
CONDITION EVALUATION DELTA
==========================


Positive matches:
-----------------

   LogFileWebEndpointAutoConfiguration#logFileWebEndpoint matched:
      - Log File found logging.file.name users-ws.log (LogFileWebEndpointAutoConfiguration.LogFileCondition)
      - @ConditionalOnMissingBean (types: org.springframework.boot.actuate.logging.LogFileWebEndpoint; SearchStrategy: all) did not find any beans (OnBeanCondition)


Negative matches:
-----------------

    None


Exclusions:
-----------

    None


Unconditional classes:
----------------------

    None



2022-03-25 18:52:07.567  INFO 11112 --- [Thread-22] o.s.c.n.e.s.EurekaServiceRegistry        : Unregistering application USER-WS with eureka with status DOWN
2022-03-25 18:52:07.567  INFO 11112 --- [Thread-22] com.netflix.discovery.DiscoveryClient    : Saw local status change event StatusChangeEvent [timestamp=1648214527567, current=DOWN, previous=UP]
2022-03-25 18:52:07.568  INFO 11112 --- [DiscoveryClient-InstanceInfoReplicator-0] com.netflix.discovery.DiscoveryClient    : DiscoveryClient_USER-WS/user-ws:b5550faf19cd1cb30f5308330a995490: registering service...
2022-03-25 18:52:07.578  INFO 11112 --- [DiscoveryClient-InstanceInfoReplicator-0] com.netflix.discovery.DiscoveryClient    : DiscoveryClient_USER-WS/user-ws:b5550faf19cd1cb30f5308330a995490 - registration status: 204
2022-03-25 18:52:07.926  INFO 11112 --- [Thread-22] o.s.a.r.l.SimpleMessageListenerContainer : Waiting for workers to finish.
2022-03-25 18:52:07.929  INFO 11112 --- [Thread-22] o.s.a.r.l.SimpleMessageListenerContainer : Successfully waited for workers to finish.
2022-03-25 18:52:07.930  INFO 11112 --- [Thread-22] o.s.i.a.i.AmqpInboundChannelAdapter      : stopped bean 'inbound.springCloudBus.anonymous.EF9WJfmFTCyK2fhE6d6uag'
2022-03-25 18:52:07.947  INFO 11112 --- [Thread-22] o.s.c.stream.binder.BinderErrorChannel   : Channel 'application-1.springCloudBus.anonymous.EF9WJfmFTCyK2fhE6d6uag.errors' has 1 subscriber(s).
2022-03-25 18:52:07.952  INFO 11112 --- [Thread-22] o.s.i.endpoint.EventDrivenConsumer       : Removing {logging-channel-adapter:_org.springframework.integration.errorLogger} as a subscriber to the 'errorChannel' channel
2022-03-25 18:52:07.953  INFO 11112 --- [Thread-22] o.s.i.channel.PublishSubscribeChannel    : Channel 'application-1.errorChannel' has 0 subscriber(s).
2022-03-25 18:52:07.953  INFO 11112 --- [Thread-22] o.s.i.endpoint.EventDrivenConsumer       : stopped bean '_org.springframework.integration.errorLogger'
2022-03-25 18:52:07.993  INFO 11112 --- [Thread-22] j.LocalContainerEntityManagerFactoryBean : Closing JPA EntityManagerFactory for persistence unit 'default'
2022-03-25 18:52:07.996  INFO 11112 --- [Thread-22] com.zaxxer.hikari.HikariDataSource       : HikariPool-4 - Shutdown initiated...
2022-03-25 18:52:08.012  INFO 11112 --- [Thread-22] com.zaxxer.hikari.HikariDataSource       : HikariPool-4 - Shutdown completed.
2022-03-25 18:52:08.019  INFO 11112 --- [Thread-22] com.netflix.discovery.DiscoveryClient    : Shutting down DiscoveryClient ...
2022-03-25 18:52:11.051  INFO 11112 --- [Thread-22] com.netflix.discovery.DiscoveryClient    : Unregistering ...
2022-03-25 18:52:11.057  INFO 11112 --- [Thread-22] com.netflix.discovery.DiscoveryClient    : DiscoveryClient_USER-WS/user-ws:b5550faf19cd1cb30f5308330a995490 - deregister  status: 200
2022-03-25 18:52:11.260  INFO 11112 --- [Thread-22] com.netflix.discovery.DiscoveryClient    : Completed shut down of DiscoveryClient
